PKM CLI Log - Started at 2026-01-07T14:16:12.777831
============================================================
[2026-01-07 14:16:13] [MainThread] INFO: <rich.panel.Panel object at 0x0000021216E82900>
[2026-01-07 14:16:13] [MainThread] INFO: Loaded orchestrator configuration from C:\AI_study\2026\CatchUpAI_VL\orchestrator.yaml
[2026-01-07 14:16:13] [MainThread] WARNING: No nodes defined in orchestrator.yaml
[2026-01-07 14:16:13] [MainThread] DEBUG: No pollers configuration found
[2026-01-07 14:16:13] [MainThread] INFO: Orchestrator initialized for vault: C:\AI_study\2026\CatchUpAI_VL
[2026-01-07 14:16:13] [MainThread] INFO: Loaded 0 agents
[2026-01-07 14:16:13] [MainThread] INFO: Loaded 0 poller(s)
[2026-01-07 14:16:13] [MainThread] INFO: 
[green]✓[/green] Loaded 0 agent(s):
[2026-01-07 14:16:13] [MainThread] INFO: 
[cyan]Starting orchestrator...[/cyan]
[2026-01-07 14:16:13] [MainThread] INFO: Starting orchestrator...
[2026-01-07 14:16:13] [MainThread] INFO: File system monitoring started on C:\AI_study\2026\CatchUpAI_VL (debounce: 0.5s)
[2026-01-07 14:16:13] [Thread-3 (_scheduler_loop)] INFO: Cron scheduler loop started
[2026-01-07 14:16:13] [MainThread] INFO: Cron scheduler started
[2026-01-07 14:16:13] [MainThread] INFO: No pollers to start
[2026-01-07 14:16:13] [Thread-4 (_event_loop)] INFO: Event loop started
[2026-01-07 14:16:13] [MainThread] INFO: Orchestrator started successfully
[2026-01-07 14:16:13] [MainThread] INFO: Orchestrator running. Press Ctrl+C to stop.
